<?xml version="1.0" encoding="UTF-8"?>
<Site BuildName="Win32-mingw32-make"
	BuildStamp="20260123-1843-Experimental"
	Name="Ethan"
	Generator="ctest-4.2.2"
	CompilerName="C:/msys64/mingw64/bin/g++.exe"
	CompilerVersion="15.2.0"
	OSName="Windows"
	Hostname="Ethan"
	OSRelease="10.0.26200"
	OSVersion="Windows 10"
	OSPlatform="AMD64"
	Is64Bits="1"
	VendorString="AuthenticAMD"
	VendorID="Advanced Micro Devices"
	FamilyID="15"
	ModelID="4"
	ModelName="AMD Ryzen 5 7535HS with Radeon Graphics"
	ProcessorCacheSize="64"
	NumberOfLogicalCPU="12"
	NumberOfPhysicalCPU="6"
	TotalVirtualMemory="34003"
	TotalPhysicalMemory="31955"
	LogicalProcessorsPerPhysical="2"
	ProcessorClockFrequency="3301"
	>
	<Testing>
		<StartDateTime>Jan 26 11:02 Mountain Standard Time</StartDateTime>
		<StartTestTime>1769450522</StartTestTime>
		<TestList/>
		<EndDateTime>Jan 26 11:02 Mountain Standard Time</EndDateTime>
		<EndTestTime>1769450522</EndTestTime>
		<ElapsedMinutes>0</ElapsedMinutes>
	</Testing>
</Site>
