<?xml version="1.0" encoding="UTF-8"?>
<Site BuildName="Win32-MSBuild"
	BuildStamp="20260123-1831-Experimental"
	Name="Ethan"
	Generator="ctest-4.2.2"
	CompilerName="C:/Program Files/Microsoft Visual Studio/2022/Community/VC/Tools/MSVC/14.39.33519/bin/Hostx64/x64/cl.exe"
	CompilerVersion="19.39.33520.0"
	OSName="Windows"
	Hostname="Ethan"
	OSRelease="10.0.26200"
	OSVersion="Windows 10"
	OSPlatform="AMD64"
	Is64Bits="1"
	VendorString="AuthenticAMD"
	VendorID="Advanced Micro Devices"
	FamilyID="15"
	ModelID="4"
	ModelName="AMD Ryzen 5 7535HS with Radeon Graphics"
	ProcessorCacheSize="64"
	NumberOfLogicalCPU="12"
	NumberOfPhysicalCPU="6"
	TotalVirtualMemory="34003"
	TotalPhysicalMemory="31955"
	LogicalProcessorsPerPhysical="2"
	ProcessorClockFrequency="3301"
	>
	<Testing>
		<StartDateTime>Jan 23 11:32 Mountain Standard Time</StartDateTime>
		<StartTestTime>1769193138</StartTestTime>
		<TestList/>
		<EndDateTime>Jan 23 11:32 Mountain Standard Time</EndDateTime>
		<EndTestTime>1769193138</EndTestTime>
		<ElapsedMinutes>0</ElapsedMinutes>
	</Testing>
</Site>
